2026-03-12 16:24:42 [INFO] __main__: Loading config from: corev2/config/production.yaml
2026-03-12 16:24:42 [INFO] __main__: Config hash: bd73e9bac9062a4f
2026-03-12 16:24:42 [INFO] __main__: Initializing API clients (read-only mode)...
2026-03-12 16:24:42 [INFO] __main__: Generating operations plan...
2026-03-12 16:24:42 [INFO] corev2.planner.primary: Starting plan generation...
2026-03-12 16:24:42 [INFO] corev2.planner.primary: Scanning 6 sync lists: ['719', '720', '945', '969', '987', '989']
2026-03-12 16:24:42 [INFO] corev2.planner.primary: Scanning 3 exclusion lists: ['717', '762', '773']
2026-03-12 16:24:42 [INFO] corev2.planner.primary: Fetching members from list 717...
2026-03-12 16:25:06 [INFO] corev2.planner.primary:   Found 96 contacts in list 717
2026-03-12 16:25:06 [INFO] corev2.planner.primary: Fetching members from list 719...
2026-03-12 16:25:16 [INFO] corev2.planner.primary:   Found 36 contacts in list 719
2026-03-12 16:25:16 [INFO] corev2.planner.primary: Fetching members from list 720...
2026-03-12 16:25:22 [INFO] corev2.planner.primary:   Found 24 contacts in list 720
2026-03-12 16:25:22 [INFO] corev2.planner.primary: Fetching members from list 762...
2026-03-12 16:25:47 [INFO] corev2.planner.primary:   Found 99 contacts in list 762
2026-03-12 16:25:47 [INFO] corev2.planner.primary: Fetching members from list 773...
2026-03-12 16:25:47 [INFO] corev2.planner.primary:   Found 2 contacts in list 773
2026-03-12 16:25:47 [INFO] corev2.planner.primary: Fetching members from list 945...
2026-03-12 16:25:49 [INFO] corev2.planner.primary:   Found 4 contacts in list 945
2026-03-12 16:25:49 [INFO] corev2.planner.primary: Fetching members from list 969...
2026-03-12 16:25:59 [INFO] corev2.planner.primary:   Found 38 contacts in list 969
2026-03-12 16:25:59 [INFO] corev2.planner.primary: Fetching members from list 987...
2026-03-12 16:26:22 [INFO] corev2.planner.primary:   Found 100 contacts in list 987
2026-03-12 16:26:22 [INFO] corev2.planner.primary: Fetching members from list 989...
2026-03-12 16:26:27 [INFO] corev2.planner.primary:   Found 18 contacts in list 989
2026-03-12 16:26:27 [INFO] corev2.planner.primary: Total unique contacts: 404
2026-03-12 16:26:27 [WARNING] corev2.planner.primary: INVARIANT VIOLATION: Contact info@jsestatemanagement.co.uk is in exclusion list(s) {'717'} AND sync list(s) {'969'}. HubSpot list removal will be scheduled.
2026-03-12 16:26:27 [WARNING] corev2.planner.primary: INVARIANT VIOLATION: Contact rhoque@eldridgeestates.co.uk is in exclusion list(s) {'717'} AND sync list(s) {'719'}. HubSpot list removal will be scheduled.
2026-03-12 16:26:27 [WARNING] corev2.planner.primary: INVARIANT VIOLATION: Contact miles@edinburghlettingcentre.com is in exclusion list(s) {'717'} AND sync list(s) {'720'}. HubSpot list removal will be scheduled.
2026-03-12 16:26:27 [WARNING] corev2.planner.primary: INVARIANT VIOLATION: Contact info@astonestates.co.uk is in exclusion list(s) {'717'} AND sync list(s) {'969'}. HubSpot list removal will be scheduled.
2026-03-12 16:26:27 [INFO] corev2.planner.primary: Contact hello@aliandcoproperty.co.uk already has source tag 'Recruitment' - preserving (first-tag priority)
2026-03-12 16:26:27 [WARNING] corev2.planner.primary: INVARIANT VIOLATION: Contact info@hillcrestestates.co.uk is in compliance list(s) {'762'} AND sync list(s) {'719'}. HubSpot list removal will be scheduled.
2026-03-12 16:26:27 [INFO] corev2.planner.primary: Contact nathan@nandnproperties.com already has source tag 'Recruitment' - preserving (first-tag priority)
2026-03-12 16:26:28 [INFO] corev2.planner.primary: Contact tonyourris@anthonywebb.co.uk already has source tag 'General' - preserving (first-tag priority)
2026-03-12 16:26:28 [INFO] corev2.planner.primary: Contact xlita@litahomes.co.uk already has source tag 'Recruitment' - preserving (first-tag priority)
2026-03-12 16:26:28 [INFO] corev2.planner.primary: Contact jeanette@squireestates.co.uk already has source tag 'General' - preserving (first-tag priority)
2026-03-12 16:26:28 [INFO] corev2.planner.primary: Contact helena@hjpm.co.uk already has source tag 'Recruitment' - preserving (first-tag priority)
2026-03-12 16:26:28 [INFO] corev2.planner.primary: Contact ejas@solacemanagement.co.uk already has source tag 'Recruitment' - preserving (first-tag priority)
2026-03-12 16:26:29 [INFO] corev2.planner.primary: Contact tom@thehomecloud.co.uk already has source tag 'Recruitment' - preserving (first-tag priority)
2026-03-12 16:26:29 [INFO] corev2.planner.primary: Contact stuart@coapt.co.uk already has source tag 'General' - preserving (first-tag priority)
2026-03-12 16:26:29 [INFO] corev2.planner.primary: Contact jeffreyjaysan@hydepartners.com already has source tag 'Recruitment' - preserving (first-tag priority)
2026-03-12 16:26:29 [INFO] corev2.planner.primary: Contact info@propertybyyes.co.uk already has source tag 'Recruitment' - preserving (first-tag priority)
2026-03-12 16:26:30 [INFO] corev2.planner.primary: Contact enquiries@estatespm.co.uk already has source tag 'Recruitment' - preserving (first-tag priority)
2026-03-12 16:26:30 [INFO] corev2.planner.primary: Contact general@everstone-property.com already has source tag 'Recruitment' - preserving (first-tag priority)
2026-03-12 16:26:30 [WARNING] corev2.planner.primary: INVARIANT VIOLATION: Contact sam@samuelandco.co.uk is in compliance list(s) {'773'} AND sync list(s) {'719'}. HubSpot list removal will be scheduled.
2026-03-12 16:26:30 [INFO] corev2.planner.primary: Contact wayne@weletproperties.co.uk already has source tag 'Recruitment' - preserving (first-tag priority)
2026-03-12 16:26:31 [INFO] corev2.planner.primary: Contact freddie@marcoharris.co.uk already has source tag 'Recruitment' - preserving (first-tag priority)
2026-03-12 16:26:31 [INFO] corev2.planner.primary: Contact ashmi@theaddressmanagement.com already has source tag 'Recruitment' - preserving (first-tag priority)
2026-03-12 16:26:31 [INFO] corev2.planner.primary: Contact sue@countryhousecompany.co.uk already has source tag 'Recruitment' - preserving (first-tag priority)
2026-03-12 16:26:32 [INFO] corev2.planner.primary: Contact chris@gartonjones.co.uk already has source tag 'Recruitment' - preserving (first-tag priority)
2026-03-12 16:26:32 [INFO] corev2.planner.primary: Contact sales@aandfproperty.co.uk already has source tag 'Recruitment' - preserving (first-tag priority)
2026-03-12 16:26:32 [INFO] corev2.planner.primary: Contact d.j.satchwell@marstonmanagement.com already has source tag 'Recruitment' - preserving (first-tag priority)
2026-03-12 16:26:32 [INFO] corev2.planner.primary: Contact info@prestonhillestates.com already has source tag 'Recruitment' - preserving (first-tag priority)
2026-03-12 16:26:33 [INFO] corev2.planner.primary: Contact martin@groupkm.co.uk already has source tag 'Recruitment' - preserving (first-tag priority)
2026-03-12 16:26:33 [INFO] corev2.planner.primary: Contact info@londonwideestates.com already has source tag 'Recruitment' - preserving (first-tag priority)
2026-03-12 16:26:33 [INFO] corev2.planner.primary: Contact ben@garrettwhitelock.co.uk already has source tag 'General' - preserving (first-tag priority)
2026-03-12 16:26:33 [INFO] corev2.planner.primary: Contact fraser@tristrams.uk.com already has source tag 'Recruitment' - preserving (first-tag priority)
2026-03-12 16:26:33 [INFO] corev2.planner.primary: Contact gareth@pepperfox.com already has source tag 'Recruitment' - preserving (first-tag priority)
2026-03-12 16:26:34 [INFO] corev2.planner.primary: Contact info@propertyoptions.com already has source tag 'Recruitment' - preserving (first-tag priority)
2026-03-12 16:26:34 [INFO] corev2.planner.primary: Contact andrew@moonstonemanagement.co.uk already has source tag 'Recruitment' - preserving (first-tag priority)
2026-03-12 16:26:34 [INFO] corev2.planner.primary: Contact ian@thepropertyplace.uk.com already has source tag 'Recruitment' - preserving (first-tag priority)
2026-03-12 16:26:34 [INFO] corev2.planner.primary: Contact lev@levproperties.co.uk already has source tag 'Recruitment' - preserving (first-tag priority)
2026-03-12 16:26:35 [INFO] corev2.planner.primary: Contact info@amaxestates.com already has source tag 'Competition' - preserving (first-tag priority)
2026-03-12 16:26:35 [INFO] corev2.planner.primary: Contact vishal@nicheestates.co.uk already has source tag 'Competition' - preserving (first-tag priority)
2026-03-12 16:26:35 [INFO] corev2.planner.primary: Contact lee@oakhill.london already has source tag 'Competition' - preserving (first-tag priority)
2026-03-12 16:26:35 [INFO] corev2.planner.primary: Contact russell@jaysonrussell.com already has source tag 'Competition' - preserving (first-tag priority)
2026-03-12 16:26:36 [INFO] corev2.planner.primary: Contact christie@kbire.co.uk already has source tag 'Competition' - preserving (first-tag priority)
2026-03-12 16:26:36 [INFO] corev2.planner.primary: Contact robert@foundationestateagents.co.uk already has source tag 'Competition' - preserving (first-tag priority)
2026-03-12 16:26:36 [INFO] corev2.planner.primary: Contact info@hytheandwaterside.com already has source tag 'Competition' - preserving (first-tag priority)
2026-03-12 16:26:36 [INFO] corev2.planner.primary: Contact leone@harrycharles.co.uk already has source tag 'Competition' - preserving (first-tag priority)
2026-03-12 16:26:37 [INFO] corev2.planner.primary: Contact matt@barrettestates.com already has source tag 'General' - preserving (first-tag priority)
2026-03-12 16:26:37 [INFO] corev2.planner.primary: Contact cl@lewis-tucker.com already has source tag 'Competition' - preserving (first-tag priority)
2026-03-12 16:26:37 [INFO] corev2.planner.primary: Contact gsteer@alexandersteer.co.uk already has source tag 'Competition' - preserving (first-tag priority)
2026-03-12 16:26:37 [INFO] corev2.planner.primary: Contact simon@handleygibson.co.uk already has source tag 'Competition' - preserving (first-tag priority)
2026-03-12 16:26:37 [INFO] corev2.planner.primary: Contact chris@jowett-huddersfield.co.uk already has source tag 'Competition' - preserving (first-tag priority)
2026-03-12 16:26:38 [INFO] corev2.planner.primary: Contact post@nops.co.uk already has source tag 'Competition' - preserving (first-tag priority)
2026-03-12 16:26:38 [INFO] corev2.planner.primary: Contact andrew.harvey@oceanandcountry.co.uk already has source tag 'Competition' - preserving (first-tag priority)
2026-03-12 16:26:38 [INFO] corev2.planner.primary: Contact info@spartanltd.co.uk already has source tag 'General' - preserving (first-tag priority)
2026-03-12 16:26:38 [INFO] corev2.planner.primary: Contact neil@crabbcurtis.co.uk already has source tag 'Competition' - preserving (first-tag priority)
2026-03-12 16:26:39 [INFO] corev2.planner.primary: Contact asm@swallows.co.uk already has source tag 'Competition' - preserving (first-tag priority)
2026-03-12 16:26:39 [INFO] corev2.planner.primary: Contact tim@jmslettings.co.uk already has source tag 'Competition' - preserving (first-tag priority)
2026-03-12 16:26:39 [INFO] corev2.planner.primary: Contact info@rmaproperties.co.uk already has source tag 'Competition' - preserving (first-tag priority)
2026-03-12 16:26:39 [WARNING] corev2.planner.primary: INVARIANT VIOLATION: Contact info@fcrhomes.co.uk is in compliance list(s) {'762'} AND sync list(s) {'969'}. HubSpot list removal will be scheduled.
2026-03-12 16:26:39 [INFO] corev2.planner.primary: Contact info@mysite.com already has source tag 'Sanctioned' - preserving (first-tag priority)
2026-03-12 16:26:40 [INFO] corev2.planner.primary: Contact info@ideal-locations.com already has source tag 'Sanctioned' - preserving (first-tag priority)
2026-03-12 16:26:40 [INFO] corev2.planner.primary: Contact info@letsby-avenue.co.uk already has source tag 'Sanctioned' - preserving (first-tag priority)
2026-03-12 16:26:41 [INFO] corev2.planner.primary: Contact kellyharvey@robertmanning.co.uk already has source tag 'Sanctioned' - preserving (first-tag priority)
2026-03-12 16:26:41 [INFO] corev2.planner.primary: Contact info@sutherlandestates.co.uk already has source tag 'Sanctioned' - preserving (first-tag priority)
2026-03-12 16:26:41 [INFO] corev2.planner.primary: Contact info@elite-properties.co.uk already has source tag 'Sanctioned' - preserving (first-tag priority)
2026-03-12 16:26:41 [INFO] corev2.planner.primary: Contact info@rowflex.co.uk already has source tag 'Sanctioned' - preserving (first-tag priority)
2026-03-12 16:26:41 [INFO] corev2.planner.primary: Contact claire@thejollylandlord.co.uk already has source tag 'Sanctioned' - preserving (first-tag priority)
2026-03-12 16:26:42 [INFO] corev2.planner.primary: Contact info@jonesandreeds.co.uk already has source tag 'Sanctioned' - preserving (first-tag priority)
2026-03-12 16:26:42 [INFO] corev2.planner.primary: Contact jacqui@tjspropertypeople.co.uk already has source tag 'Sanctioned' - preserving (first-tag priority)
2026-03-12 16:26:43 [INFO] corev2.planner.primary: Contact neil@assetgrove.co.uk already has source tag 'Sanctioned' - preserving (first-tag priority)
2026-03-12 16:26:43 [INFO] corev2.planner.primary: Contact paul@pksalesandlettings.co.uk already has source tag 'Sanctioned' - preserving (first-tag priority)
2026-03-12 16:26:43 [INFO] corev2.planner.primary: Contact info@balinor.co.uk already has source tag 'Sanctioned' - preserving (first-tag priority)
2026-03-12 16:26:43 [INFO] corev2.planner.primary: Contact info@jngestates.co.uk already has source tag 'Sanctioned' - preserving (first-tag priority)
2026-03-12 16:26:44 [INFO] corev2.planner.primary: Contact mail@markwarren.org.uk already has source tag 'Sanctioned' - preserving (first-tag priority)
2026-03-12 16:26:44 [INFO] corev2.planner.primary: Contact harry.singh@johalshomes.co.uk already has source tag 'Sanctioned' - preserving (first-tag priority)
2026-03-12 16:26:44 [INFO] corev2.planner.primary: Contact andrew.gregory@pmpremier.co.uk already has source tag 'Sanctioned' - preserving (first-tag priority)
2026-03-12 16:26:44 [INFO] corev2.planner.primary: Contact rothwell@barringtonandblake.co.uk already has source tag 'Sanctioned' - preserving (first-tag priority)
2026-03-12 16:26:44 [INFO] corev2.planner.primary: Contact info@londonletsales.com already has source tag 'Sanctioned' - preserving (first-tag priority)
2026-03-12 16:26:45 [INFO] corev2.planner.primary: Contact info@thatsmyproperty.co.uk already has source tag 'Sanctioned' - preserving (first-tag priority)
2026-03-12 16:26:45 [INFO] corev2.planner.primary: Contact enquiries@property-vault-co-uk.stackstaging.com already has source tag 'Sanctioned' - preserving (first-tag priority)
2026-03-12 16:26:45 [INFO] corev2.planner.primary: Contact paul@hutton-parker.co.uk already has source tag 'Sanctioned' - preserving (first-tag priority)
2026-03-12 16:26:45 [INFO] corev2.planner.primary: Contact info@rwmestates.co.uk already has source tag 'Sanctioned' - preserving (first-tag priority)
2026-03-12 16:26:46 [INFO] corev2.planner.primary: Contact info@stratsmoregroup.com already has source tag 'Sanctioned' - preserving (first-tag priority)
2026-03-12 16:26:46 [INFO] corev2.planner.primary: Contact bobby@eightam.co.uk already has source tag 'Sanctioned' - preserving (first-tag priority)
2026-03-12 16:26:46 [INFO] corev2.planner.primary: Contact info@proinvestproperties.co.uk already has source tag 'Sanctioned' - preserving (first-tag priority)
2026-03-12 16:26:46 [INFO] corev2.planner.primary: Contact sales@edwardclark.co.uk already has source tag 'Sanctioned' - preserving (first-tag priority)
2026-03-12 16:26:46 [INFO] corev2.planner.primary: Contact elderflower213@gmail.com already has source tag 'Sanctioned' - preserving (first-tag priority)
2026-03-12 16:26:47 [INFO] corev2.planner.primary: Contact tony@anthonyjamesproperties.co.uk already has source tag 'Sanctioned' - preserving (first-tag priority)
2026-03-12 16:26:47 [INFO] corev2.planner.primary: Contact info@phoenixestate.co.uk already has source tag 'Sanctioned' - preserving (first-tag priority)
2026-03-12 16:26:47 [INFO] corev2.planner.primary: Contact enquiries@lincsletting.co.uk already has source tag 'Sanctioned' - preserving (first-tag priority)
2026-03-12 16:26:47 [INFO] corev2.planner.primary: Contact telford@livenoble.co.uk already has source tag 'Sanctioned' - preserving (first-tag priority)
2026-03-12 16:26:48 [INFO] corev2.planner.primary: Contact info@ez-homes.co.uk already has source tag 'Sanctioned' - preserving (first-tag priority)
2026-03-12 16:26:48 [INFO] corev2.planner.primary: Contact enquiries@easymoveea.com already has source tag 'General' - preserving (first-tag priority)
2026-03-12 16:26:48 [INFO] corev2.planner.primary: Contact nasir@firstcontact.uk.net already has source tag 'General' - preserving (first-tag priority)
2026-03-12 16:26:48 [INFO] corev2.planner.primary: Contact catie@baclis.com already has source tag 'General' - preserving (first-tag priority)
2026-03-12 16:26:48 [INFO] corev2.planner.primary: Contact grays@msestates.co.uk already has source tag 'General' - preserving (first-tag priority)
2026-03-12 16:26:49 [INFO] corev2.planner.primary: Contact harry@galaxyrealestates.co.uk already has source tag 'General' - preserving (first-tag priority)
2026-03-12 16:26:49 [INFO] corev2.planner.primary: Contact info@katherineestates.co.uk already has source tag 'General' - preserving (first-tag priority)
2026-03-12 16:26:49 [INFO] corev2.planner.primary: Contact mohsin@aeymoveestates.co.uk already has source tag 'General' - preserving (first-tag priority)
2026-03-12 16:26:50 [INFO] corev2.planner.primary: Contact info@skypowersproperty.co.uk already has source tag 'General' - preserving (first-tag priority)
2026-03-12 16:26:50 [INFO] corev2.planner.primary: Contact sales@centralparkestate.co.uk already has source tag 'General' - preserving (first-tag priority)
2026-03-12 16:26:50 [INFO] corev2.planner.primary: Contact sales@tjmiller.co.uk already has source tag 'General' - preserving (first-tag priority)
2026-03-12 16:26:50 [INFO] corev2.planner.primary: Contact kevin@kevinandco.uk already has source tag 'General' - preserving (first-tag priority)
2026-03-12 16:26:51 [INFO] corev2.planner.primary: Contact sales@woodhousestjohn.co.uk already has source tag 'General' - preserving (first-tag priority)
2026-03-12 16:26:51 [INFO] corev2.planner.primary: Contact emilia@moreandco.co.uk already has source tag 'General' - preserving (first-tag priority)
2026-03-12 16:26:51 [INFO] corev2.planner.primary: Contact arnosgrove@oyster-properties.co.uk already has source tag 'Recruitment' - preserving (first-tag priority)
2026-03-12 16:26:51 [INFO] corev2.planner.primary: Contact info@bestates.uk already has source tag 'General' - preserving (first-tag priority)
2026-03-12 16:26:51 [INFO] corev2.planner.primary: Contact stroudgreen@hobarts.co.uk already has source tag 'General' - preserving (first-tag priority)
2026-03-12 16:26:52 [INFO] corev2.planner.primary: Contact chloe@oakhill.london already has source tag 'General' - preserving (first-tag priority)
2026-03-12 16:26:52 [INFO] corev2.planner.primary: Contact info@bramleylettings.co.uk already has source tag 'General' - preserving (first-tag priority)
2026-03-12 16:26:52 [INFO] corev2.planner.primary: Contact lettings@michaelwright.co.uk already has source tag 'General' - preserving (first-tag priority)
2026-03-12 16:26:52 [INFO] corev2.planner.primary: Contact info@eliteagency.london already has source tag 'General' - preserving (first-tag priority)
2026-03-12 16:26:53 [INFO] corev2.planner.primary: Contact info@heimandhomes.com already has source tag 'General' - preserving (first-tag priority)
2026-03-12 16:26:53 [INFO] corev2.planner.primary: Contact john@jtmhomes.co.uk already has source tag 'General' - preserving (first-tag priority)
2026-03-12 16:26:53 [INFO] corev2.planner.primary: Contact nima@eldertons.co.uk already has source tag 'General' - preserving (first-tag priority)
2026-03-12 16:26:53 [INFO] corev2.planner.primary: Contact debbie@douglasallen.co.uk already has source tag 'General' - preserving (first-tag priority)
2026-03-12 16:26:53 [INFO] corev2.planner.primary: Contact abdullah.hussain@ryan-baker.co.uk already has source tag 'General' - preserving (first-tag priority)
2026-03-12 16:26:54 [INFO] corev2.planner.primary: Contact uckhursthill@knightons.co.uk already has source tag 'General' - preserving (first-tag priority)
2026-03-12 16:26:54 [INFO] corev2.planner.primary: Contact amanda@cromwellsestateagents.com already has source tag 'General' - preserving (first-tag priority)
2026-03-12 16:26:54 [INFO] corev2.planner.primary: Contact hassan@atlocation.co.uk already has source tag 'General' - preserving (first-tag priority)
2026-03-12 16:26:54 [INFO] corev2.planner.primary: Contact michael@michaelsteven.co.uk already has source tag 'General' - preserving (first-tag priority)
2026-03-12 16:26:55 [INFO] corev2.planner.primary: Contact paul.fryer@jamesgorey.com already has source tag 'General' - preserving (first-tag priority)
2026-03-12 16:26:55 [INFO] corev2.planner.primary: Contact info@thomashynesestates.co.uk already has source tag 'General' - preserving (first-tag priority)
2026-03-12 16:26:55 [INFO] corev2.planner.primary: Contact sacha@mariana-realestate.com already has source tag 'General' - preserving (first-tag priority)
2026-03-12 16:26:55 [INFO] corev2.planner.primary: Contact simon@findprop.co.uk already has source tag 'General' - preserving (first-tag priority)
2026-03-12 16:26:55 [INFO] corev2.planner.primary: Contact nav.singh@charlesstratton.co.uk already has source tag 'General' - preserving (first-tag priority)
2026-03-12 16:26:56 [INFO] corev2.planner.primary: Contact lucie@luciewhite.co already has source tag 'General' - preserving (first-tag priority)
2026-03-12 16:26:56 [INFO] corev2.planner.primary: Contact admin@victorianz.co.uk already has source tag 'General' - preserving (first-tag priority)
2026-03-12 16:26:56 [INFO] corev2.planner.primary: Contact luke@woodcoteestateagents.co.uk already has source tag 'General' - preserving (first-tag priority)
2026-03-12 16:26:56 [INFO] corev2.planner.primary: Contact jjames@gbpestates.co.uk already has source tag 'General' - preserving (first-tag priority)
2026-03-12 16:26:57 [INFO] corev2.planner.primary: Contact rhiannon@llcoproperty.com already has source tag 'Competition' - preserving (first-tag priority)
2026-03-12 16:26:57 [INFO] corev2.planner.primary: Contact contact@twentyeight28propertygroup.co.uk already has source tag 'General' - preserving (first-tag priority)
2026-03-12 16:26:57 [INFO] corev2.planner.primary: Contact agriffin@griffinstevens.co.uk already has source tag 'General' - preserving (first-tag priority)
2026-03-12 16:26:57 [INFO] corev2.planner.primary: Contact sanna@fhpl.uk already has source tag 'General' - preserving (first-tag priority)
2026-03-12 16:26:57 [INFO] corev2.planner.primary: Contact gt@wellsstreetstudio.co already has source tag 'General' - preserving (first-tag priority)
2026-03-12 16:26:58 [INFO] corev2.planner.primary: Contact roberthobart@hobartslater.com already has source tag 'General' - preserving (first-tag priority)
2026-03-12 16:26:58 [INFO] corev2.planner.primary: Contact idrees@viryacapital.co.uk already has source tag 'General' - preserving (first-tag priority)
2026-03-12 16:26:58 [INFO] corev2.planner.primary: Contact e.sosa@fortesestates.co.uk already has source tag 'General' - preserving (first-tag priority)
2026-03-12 16:26:58 [INFO] corev2.planner.primary: Contact charlotte@fairygodmover.com already has source tag 'General' - preserving (first-tag priority)
2026-03-12 16:26:59 [INFO] corev2.planner.primary: Contact karolina@acomodile.com already has source tag 'General' - preserving (first-tag priority)
2026-03-12 16:26:59 [INFO] corev2.planner.primary: Contact daniel@statoncoe.com already has source tag 'General' - preserving (first-tag priority)
2026-03-12 16:26:59 [INFO] corev2.planner.primary: Contact jsw@capstonegrp.co.uk already has source tag 'General' - preserving (first-tag priority)
2026-03-12 16:26:59 [INFO] corev2.planner.primary: Contact atha.rasool@property2lease.com already has source tag 'General' - preserving (first-tag priority)
2026-03-12 16:26:59 [INFO] corev2.planner.primary: Contact jorawar@sardarhomesuk.com already has source tag 'General' - preserving (first-tag priority)
2026-03-12 16:27:00 [INFO] corev2.planner.primary: Contact ana@akmrealestate.com already has source tag 'General' - preserving (first-tag priority)
2026-03-12 16:27:00 [INFO] corev2.planner.primary: Contact michael.naylor@higginsconstruction.co.uk already has source tag 'General' - preserving (first-tag priority)
2026-03-12 16:27:00 [INFO] corev2.planner.primary: Contact apenfold@presentmade.com already has source tag 'General' - preserving (first-tag priority)
2026-03-12 16:27:01 [INFO] corev2.planner.primary: Contact dawid@toolmach.co.uk already has source tag 'General' - preserving (first-tag priority)
2026-03-12 16:27:01 [INFO] corev2.planner.primary: Contact andreas@vanquishrealestate.com already has source tag 'General' - preserving (first-tag priority)
2026-03-12 16:27:01 [INFO] corev2.planner.primary: Contact hannah@movegenius.com already has source tag 'General' - preserving (first-tag priority)
2026-03-12 16:27:01 [INFO] corev2.planner.primary: Contact billy@grainproperty.com already has source tag 'General' - preserving (first-tag priority)
2026-03-12 16:27:02 [INFO] corev2.planner.primary: Contact ceyhun@urbanhigh.co.uk already has source tag 'General' - preserving (first-tag priority)
2026-03-12 16:27:02 [INFO] corev2.planner.primary: Contact dean@parataproperty.co.uk already has source tag 'General' - preserving (first-tag priority)
2026-03-12 16:27:02 [INFO] corev2.planner.primary: Contact gabriella@huttonsandpartners.com already has source tag 'General' - preserving (first-tag priority)
2026-03-12 16:27:02 [INFO] corev2.planner.primary: Contact matt@guid3d.co.uk already has source tag 'General' - preserving (first-tag priority)
2026-03-12 16:27:02 [INFO] corev2.planner.primary: Contact danial@dsainvestmentgroup.co.uk already has source tag 'General' - preserving (first-tag priority)
2026-03-12 16:27:03 [INFO] corev2.planner.primary: Contact aaron@aaronshohetproperty.com already has source tag 'Recruitment' - preserving (first-tag priority)
2026-03-12 16:27:03 [INFO] corev2.planner.primary: Contact marguerite@skyllagroup.com already has source tag 'General' - preserving (first-tag priority)
2026-03-12 16:27:03 [INFO] corev2.planner.primary: Contact ashley@marriotvernon.com already has source tag 'General' - preserving (first-tag priority)
2026-03-12 16:27:03 [INFO] corev2.planner.primary: Contact charlie@onplan.co.uk already has source tag 'General' - preserving (first-tag priority)
2026-03-12 16:27:04 [INFO] corev2.planner.primary: Contact rohit@alliancegroup.uk already has source tag 'General' - preserving (first-tag priority)
2026-03-12 16:27:04 [INFO] corev2.planner.primary: Contact jack@ivyandstone.uk already has source tag 'General' - preserving (first-tag priority)
2026-03-12 16:27:04 [INFO] corev2.planner.primary: Contact aamir@bayseian.com already has source tag 'General' - preserving (first-tag priority)
2026-03-12 16:27:04 [INFO] corev2.planner.primary: Contact veronica@helloguest.co.uk already has source tag 'General' - preserving (first-tag priority)
2026-03-12 16:27:05 [INFO] corev2.planner.primary: Contact peter@lofthunt.co.uk already has source tag 'General' - preserving (first-tag priority)
2026-03-12 16:27:05 [INFO] corev2.planner.primary: Contact akshay.mishra@freeholdcorp.com already has source tag 'General' - preserving (first-tag priority)
2026-03-12 16:27:05 [INFO] corev2.planner.primary: Contact charlie@stcongar.com already has source tag 'General' - preserving (first-tag priority)
2026-03-12 16:27:05 [INFO] corev2.planner.primary: Contact colin@alchemygreen.co.uk already has source tag 'General' - preserving (first-tag priority)
2026-03-12 16:27:05 [INFO] corev2.planner.primary: Contact pmade@presentmade.com already has source tag 'General' - preserving (first-tag priority)
2026-03-12 16:27:06 [INFO] corev2.planner.primary: Contact tomas@wantedrealestate.pt already has source tag 'General' - preserving (first-tag priority)
2026-03-12 16:27:06 [INFO] corev2.planner.primary: Contact jm@j3advisory.co.uk already has source tag 'General' - preserving (first-tag priority)
2026-03-12 16:27:06 [INFO] corev2.planner.primary: Contact nathen@jbpam.co.uk already has source tag 'General' - preserving (first-tag priority)
2026-03-12 16:27:06 [INFO] corev2.planner.primary: Contact danny@bardanproperty.com already has source tag 'General' - preserving (first-tag priority)
2026-03-12 16:27:07 [INFO] corev2.planner.primary: Contact daniel@dlrelocation.co.uk already has source tag 'General' - preserving (first-tag priority)
2026-03-12 16:27:07 [INFO] corev2.planner.primary: Contact sandeep@barosa.co.uk already has source tag 'General' - preserving (first-tag priority)
2026-03-12 16:27:07 [INFO] corev2.planner.primary: Contact daniel@restaurant-property.co.uk already has source tag 'General' - preserving (first-tag priority)
2026-03-12 16:27:07 [INFO] corev2.planner.primary: Contact michelle@hydeandrowlimited.co.uk already has source tag 'General' - preserving (first-tag priority)
2026-03-12 16:27:07 [INFO] corev2.planner.primary: Contact josh@rently.co.uk already has source tag 'General' - preserving (first-tag priority)
2026-03-12 16:27:08 [INFO] corev2.planner.primary: Contact geeta.tek@compliance-experts.co.uk already has source tag 'General' - preserving (first-tag priority)
2026-03-12 16:27:08 [INFO] corev2.planner.primary: Contact will@propa.co.uk already has source tag 'General' - preserving (first-tag priority)
2026-03-12 16:27:08 [INFO] corev2.planner.primary: Contact info@jameschiltern.com already has source tag 'General' - preserving (first-tag priority)
2026-03-12 16:27:09 [INFO] corev2.planner.primary: Contact kristian@bartlettandpartners.com already has source tag 'General' - preserving (first-tag priority)
2026-03-12 16:27:09 [INFO] corev2.planner.primary: Contact marta@dalhamltd.com already has source tag 'General' - preserving (first-tag priority)
2026-03-12 16:27:09 [INFO] corev2.planner.primary: Contact kaveh@thekey4ukcities.com already has source tag 'General' - preserving (first-tag priority)
2026-03-12 16:27:09 [INFO] corev2.planner.primary: Contact nick.henley@cohabitas.com already has source tag 'General' - preserving (first-tag priority)
2026-03-12 16:27:09 [INFO] corev2.planner.primary: Contact tom@sqft.capital already has source tag 'General' - preserving (first-tag priority)
2026-03-12 16:27:10 [INFO] corev2.planner.primary: Contact james.h@iconomy.co.uk already has source tag 'General' - preserving (first-tag priority)
2026-03-12 16:27:10 [INFO] corev2.planner.primary: Contact thierry@vincitgroup.co.uk already has source tag 'General' - preserving (first-tag priority)
2026-03-12 16:27:10 [INFO] corev2.planner.primary: Contact andrew.lock@hadleypropertygroup.com already has source tag 'General' - preserving (first-tag priority)
2026-03-12 16:27:10 [INFO] corev2.planner.primary: Contact stefan@developark.co.uk already has source tag 'General' - preserving (first-tag priority)
2026-03-12 16:27:11 [INFO] corev2.planner.primary: Contact ahmed@rockledge.co.uk already has source tag 'General' - preserving (first-tag priority)
2026-03-12 16:27:11 [INFO] corev2.planner.primary: Contact sascha@londonrelocation.com already has source tag 'General' - preserving (first-tag priority)
2026-03-12 16:27:11 [INFO] corev2.planner.primary: Contact ashleigh.fletcher@exp.uk.com already has source tag 'EXP' - preserving (first-tag priority)
2026-03-12 16:27:11 [INFO] corev2.planner.primary: Contact nia.abrishami@exp.uk.com already has source tag 'EXP' - preserving (first-tag priority)
2026-03-12 16:27:12 [INFO] corev2.planner.primary: Contact james.chajet@exp.uk.com already has source tag 'EXP' - preserving (first-tag priority)
2026-03-12 16:27:12 [INFO] corev2.planner.primary: Contact akeel.alidina@exp.uk.com already has source tag 'EXP' - preserving (first-tag priority)
2026-03-12 16:27:12 [INFO] corev2.planner.primary: Contact ayshakenny@kwuk.com already has source tag 'EXP' - preserving (first-tag priority)
2026-03-12 16:27:12 [INFO] corev2.planner.primary: Contact debbie.dorans@kwuk.com already has source tag 'EXP' - preserving (first-tag priority)
2026-03-12 16:27:13 [INFO] corev2.planner.primary: Contact ela.nistor@kwuk.com already has source tag 'EXP' - preserving (first-tag priority)
2026-03-12 16:27:13 [INFO] corev2.planner.primary: Contact scott.hayter@iad.uk.com already has source tag 'EXP' - preserving (first-tag priority)
2026-03-12 16:27:13 [INFO] corev2.planner.primary: Contact michael.obrien@kwuk.com already has source tag 'EXP' - preserving (first-tag priority)
2026-03-12 16:27:13 [INFO] corev2.planner.primary: Contact ezinne.ikejiani@iad.uk.com already has source tag 'EXP' - preserving (first-tag priority)
2026-03-12 16:27:13 [INFO] corev2.planner.primary: Contact oliver.exley@kwuk.com already has source tag 'EXP' - preserving (first-tag priority)
2026-03-12 16:27:14 [INFO] corev2.planner.primary: Contact charles.peto@kwuk.com already has source tag 'EXP' - preserving (first-tag priority)
2026-03-12 16:27:14 [INFO] corev2.planner.primary: Contact saho.praneeth@kwuk.com already has source tag 'EXP' - preserving (first-tag priority)
2026-03-12 16:27:14 [INFO] corev2.planner.primary: Contact jodie.silverman@kwuk.com already has source tag 'EXP' - preserving (first-tag priority)
2026-03-12 16:27:15 [INFO] corev2.planner.primary: Contact sandra.catelo-jabar@iad.uk already has source tag 'EXP' - preserving (first-tag priority)
2026-03-12 16:27:15 [INFO] corev2.planner.primary: Contact natalie.muckersie@kwuk.com already has source tag 'EXP' - preserving (first-tag priority)
2026-03-12 16:27:15 [INFO] corev2.planner.primary: Contact ali.hussain@iad.uk.com already has source tag 'EXP' - preserving (first-tag priority)
2026-03-12 16:27:15 [INFO] corev2.planner.primary: Contact daniel.keenan@exp.uk.com already has source tag 'EXP' - preserving (first-tag priority)
2026-03-12 16:27:15 [INFO] corev2.planner.primary: Running archival reconciliation...
2026-03-12 16:27:15 [INFO] corev2.planner.primary: Contact info@elegantpropertygroup.co.uk in exclusion list → removed from active set (will be archived if in Mailchimp)
2026-03-12 16:27:15 [INFO] corev2.planner.primary: Contact mike@propertylinke17.co.uk in exclusion list → removed from active set (will be archived if in Mailchimp)
2026-03-12 16:27:15 [INFO] corev2.planner.primary: Contact kb@relokatelondon.com in exclusion list → removed from active set (will be archived if in Mailchimp)
2026-03-12 16:27:15 [INFO] corev2.planner.primary: Contact info@comfort-properties.com in exclusion list → removed from active set (will be archived if in Mailchimp)
2026-03-12 16:27:15 [INFO] corev2.planner.primary: Contact raj@watermelonestates.co.uk in exclusion list → removed from active set (will be archived if in Mailchimp)
2026-03-12 16:27:15 [INFO] corev2.planner.primary: Contact jonathan@bramptonrealestate.co.uk in exclusion list → removed from active set (will be archived if in Mailchimp)
2026-03-12 16:27:15 [INFO] corev2.planner.primary: Contact ahoque@eldridgeestates.co.uk in exclusion list → removed from active set (will be archived if in Mailchimp)
2026-03-12 16:27:15 [INFO] corev2.planner.primary: Contact dalvir.chana@ideal-locations.com in exclusion list → removed from active set (will be archived if in Mailchimp)
2026-03-12 16:27:15 [INFO] corev2.planner.primary: Contact enquiries@cromptonestates.com in exclusion list → removed from active set (will be archived if in Mailchimp)
2026-03-12 16:27:15 [INFO] corev2.planner.primary: Contact faz@hemmingfords.co.uk in exclusion list → removed from active set (will be archived if in Mailchimp)
2026-03-12 16:27:15 [INFO] corev2.planner.primary: Contact enquiries@pettyson.co.uk in exclusion list → removed from active set (will be archived if in Mailchimp)
2026-03-12 16:27:15 [INFO] corev2.planner.primary: Contact linz@homehold.org in exclusion list → removed from active set (will be archived if in Mailchimp)
2026-03-12 16:27:15 [INFO] corev2.planner.primary: Contact tony.costigan@cromwellseymour.co.uk in exclusion list → removed from active set (will be archived if in Mailchimp)
2026-03-12 16:27:15 [INFO] corev2.planner.primary: Contact info@lynwoodletts.co.uk in exclusion list → removed from active set (will be archived if in Mailchimp)
2026-03-12 16:27:15 [INFO] corev2.planner.primary: Contact phillip@foundpropertyldn.co in exclusion list → removed from active set (will be archived if in Mailchimp)
2026-03-12 16:27:15 [INFO] corev2.planner.primary: Contact chris@bcs-llp.com in exclusion list → removed from active set (will be archived if in Mailchimp)
2026-03-12 16:27:15 [INFO] corev2.planner.primary: Contact jack@jsestatemanager.co.uk in exclusion list → removed from active set (will be archived if in Mailchimp)
2026-03-12 16:27:15 [INFO] corev2.planner.primary: Contact scott.fletcher@streetsahead.info in exclusion list → removed from active set (will be archived if in Mailchimp)
2026-03-12 16:27:15 [INFO] corev2.planner.primary: Contact gurdev@rubixestates.co.uk in exclusion list → removed from active set (will be archived if in Mailchimp)
2026-03-12 16:27:15 [INFO] corev2.planner.primary: Contact info@jamesgorey.com in exclusion list → removed from active set (will be archived if in Mailchimp)
2026-03-12 16:27:15 [INFO] corev2.planner.primary: Contact shakil@premierassets.co.uk in exclusion list → removed from active set (will be archived if in Mailchimp)
2026-03-12 16:27:15 [INFO] corev2.planner.primary: Contact office@tibzproperties.com in exclusion list → removed from active set (will be archived if in Mailchimp)
2026-03-12 16:27:15 [INFO] corev2.planner.primary: Contact erik@aprilproperties.co.uk in exclusion list → removed from active set (will be archived if in Mailchimp)
2026-03-12 16:27:15 [INFO] corev2.planner.primary: Contact info@1clickproperties.co.uk in exclusion list → removed from active set (will be archived if in Mailchimp)
2026-03-12 16:27:15 [INFO] corev2.planner.primary: Contact info@jsestatemanagement.co.uk in exclusion list → removed from active set (will be archived if in Mailchimp)
2026-03-12 16:27:15 [INFO] corev2.planner.primary:   → Will be removed from HubSpot lists: ['969']
2026-03-12 16:27:15 [INFO] corev2.planner.primary: Contact jai.bose123@gmail.com in exclusion list → removed from active set (will be archived if in Mailchimp)
2026-03-12 16:27:15 [INFO] corev2.planner.primary: Contact info@southallestates.com in exclusion list → removed from active set (will be archived if in Mailchimp)
2026-03-12 16:27:15 [INFO] corev2.planner.primary: Contact info@br-estateagent.co.uk in exclusion list → removed from active set (will be archived if in Mailchimp)
2026-03-12 16:27:15 [INFO] corev2.planner.primary: Contact abid@xpsltd.com in exclusion list → removed from active set (will be archived if in Mailchimp)
2026-03-12 16:27:15 [INFO] corev2.planner.primary: Contact levent@clover-homes.co.uk in exclusion list → removed from active set (will be archived if in Mailchimp)
2026-03-12 16:27:15 [INFO] corev2.planner.primary: Contact info@ccgrayestates.com in exclusion list → removed from active set (will be archived if in Mailchimp)
2026-03-12 16:27:15 [INFO] corev2.planner.primary: Contact carly@blackandwhite.properties in exclusion list → removed from active set (will be archived if in Mailchimp)
2026-03-12 16:27:15 [INFO] corev2.planner.primary: Contact harj@mfs-group.com in exclusion list → removed from active set (will be archived if in Mailchimp)
2026-03-12 16:27:15 [INFO] corev2.planner.primary: Contact jay@ltadirect.com in exclusion list → removed from active set (will be archived if in Mailchimp)
2026-03-12 16:27:15 [INFO] corev2.planner.primary: Contact linda@blackandwhite.properties in exclusion list → removed from active set (will be archived if in Mailchimp)
2026-03-12 16:27:15 [INFO] corev2.planner.primary: Contact sarah@cavenders.co.uk in exclusion list → removed from active set (will be archived if in Mailchimp)
2026-03-12 16:27:15 [INFO] corev2.planner.primary: Contact michaela@myhomebespoke.com in exclusion list → removed from active set (will be archived if in Mailchimp)
2026-03-12 16:27:15 [INFO] corev2.planner.primary: Contact morganlloydproperties@gmail.com in exclusion list → removed from active set (will be archived if in Mailchimp)
2026-03-12 16:27:15 [INFO] corev2.planner.primary: Contact chris@forestrealestate.co.uk in exclusion list → removed from active set (will be archived if in Mailchimp)
2026-03-12 16:27:15 [INFO] corev2.planner.primary: Contact dh@why50.com in exclusion list → removed from active set (will be archived if in Mailchimp)
2026-03-12 16:27:15 [INFO] corev2.planner.primary: Contact eastlondon@samuelking.co.uk in exclusion list → removed from active set (will be archived if in Mailchimp)
2026-03-12 16:27:15 [INFO] corev2.planner.primary: Contact omermir84@hotmail.com in exclusion list → removed from active set (will be archived if in Mailchimp)
2026-03-12 16:27:15 [INFO] corev2.planner.primary: Contact hello@liveandletrent.uk in exclusion list → removed from active set (will be archived if in Mailchimp)
2026-03-12 16:27:15 [INFO] corev2.planner.primary: Contact nataliya@fortunaandcompany.com in exclusion list → removed from active set (will be archived if in Mailchimp)
2026-03-12 16:27:15 [INFO] corev2.planner.primary: Contact info@capitalestate.co.uk in exclusion list → removed from active set (will be archived if in Mailchimp)
2026-03-12 16:27:15 [INFO] corev2.planner.primary: Contact palmersgreen@anthonywebb.co.uk in exclusion list → removed from active set (will be archived if in Mailchimp)
2026-03-12 16:27:15 [INFO] corev2.planner.primary: Contact agmaaproperties@outlook.com in exclusion list → removed from active set (will be archived if in Mailchimp)
2026-03-12 16:27:15 [INFO] corev2.planner.primary: Contact nikita@desai.uk in exclusion list → removed from active set (will be archived if in Mailchimp)
2026-03-12 16:27:15 [INFO] corev2.planner.primary: Contact sales@mlmestateagents.co.uk in exclusion list → removed from active set (will be archived if in Mailchimp)
2026-03-12 16:27:15 [INFO] corev2.planner.primary: Contact diana@victormichael.com in exclusion list → removed from active set (will be archived if in Mailchimp)
2026-03-12 16:27:15 [INFO] corev2.planner.primary: Contact info@steedestates.co.uk in exclusion list → removed from active set (will be archived if in Mailchimp)
2026-03-12 16:27:15 [INFO] corev2.planner.primary: Contact steve@lookproperty.co.uk in exclusion list → removed from active set (will be archived if in Mailchimp)
2026-03-12 16:27:15 [INFO] corev2.planner.primary: Contact info@adams-styles.co.uk in exclusion list → removed from active set (will be archived if in Mailchimp)
2026-03-12 16:27:15 [INFO] corev2.planner.primary: Contact nick@samuelestates.com in exclusion list → removed from active set (will be archived if in Mailchimp)
2026-03-12 16:27:15 [INFO] corev2.planner.primary: Contact hope@mortoohomes.com in exclusion list → removed from active set (will be archived if in Mailchimp)
2026-03-12 16:27:15 [INFO] corev2.planner.primary: Contact nick@scottcity.london in exclusion list → removed from active set (will be archived if in Mailchimp)
2026-03-12 16:27:15 [INFO] corev2.planner.primary: Contact johndale@kwuk.com in exclusion list → removed from active set (will be archived if in Mailchimp)
2026-03-12 16:27:15 [INFO] corev2.planner.primary: Contact kunal.trehan@blackblanc.co.uk in exclusion list → removed from active set (will be archived if in Mailchimp)
2026-03-12 16:27:15 [INFO] corev2.planner.primary: Contact accounts@hillman.co.uk in exclusion list → removed from active set (will be archived if in Mailchimp)
2026-03-12 16:27:15 [INFO] corev2.planner.primary: Contact m.scoging@awchilds.co.uk in exclusion list → removed from active set (will be archived if in Mailchimp)
2026-03-12 16:27:15 [INFO] corev2.planner.primary: Contact nathan@nathankrealestate.com in exclusion list → removed from active set (will be archived if in Mailchimp)
2026-03-12 16:27:15 [INFO] corev2.planner.primary: Contact info@innerestate.co.uk in exclusion list → removed from active set (will be archived if in Mailchimp)
2026-03-12 16:27:15 [INFO] corev2.planner.primary: Contact debbie@the-address.co.uk in exclusion list → removed from active set (will be archived if in Mailchimp)
2026-03-12 16:27:15 [INFO] corev2.planner.primary: Contact info@smartletestates.co.uk in exclusion list → removed from active set (will be archived if in Mailchimp)
2026-03-12 16:27:15 [INFO] corev2.planner.primary: Contact serkan@abidins.com in exclusion list → removed from active set (will be archived if in Mailchimp)
2026-03-12 16:27:15 [INFO] corev2.planner.primary: Contact eastfinchley@adam-hayes.co.uk in exclusion list → removed from active set (will be archived if in Mailchimp)
2026-03-12 16:27:15 [INFO] corev2.planner.primary: Contact saul@alexanderdavidproperty.co.uk in exclusion list → removed from active set (will be archived if in Mailchimp)
2026-03-12 16:27:15 [INFO] corev2.planner.primary: Contact info@charrisondavis.co.uk in exclusion list → removed from active set (will be archived if in Mailchimp)
2026-03-12 16:27:15 [INFO] corev2.planner.primary: Contact jm@junaidmaroof.com in exclusion list → removed from active set (will be archived if in Mailchimp)
2026-03-12 16:27:15 [INFO] corev2.planner.primary: Contact lettings@ch-p.co.uk in exclusion list → removed from active set (will be archived if in Mailchimp)
2026-03-12 16:27:15 [INFO] corev2.planner.primary: Contact sam@samuelandco.co.uk in exclusion list → removed from active set (will be archived if in Mailchimp)
2026-03-12 16:27:15 [INFO] corev2.planner.primary:   → Will be removed from HubSpot lists: ['719']
2026-03-12 16:27:15 [INFO] corev2.planner.primary: Contact eastham@propertylinkuk.com in exclusion list → removed from active set (will be archived if in Mailchimp)
2026-03-12 16:27:15 [INFO] corev2.planner.primary: Contact alex@philipalexander.net in exclusion list → removed from active set (will be archived if in Mailchimp)
2026-03-12 16:27:15 [INFO] corev2.planner.primary: Contact kyle@mileestates.co.uk in exclusion list → removed from active set (will be archived if in Mailchimp)
2026-03-12 16:27:15 [INFO] corev2.planner.primary: Contact robdelaney@delaneyproperties.co.uk in exclusion list → removed from active set (will be archived if in Mailchimp)
2026-03-12 16:27:15 [INFO] corev2.planner.primary: Contact debs@jackiequinn.co.uk in exclusion list → removed from active set (will be archived if in Mailchimp)
2026-03-12 16:27:15 [INFO] corev2.planner.primary: Contact nick.swift@harringtonsdurham.com in exclusion list → removed from active set (will be archived if in Mailchimp)
2026-03-12 16:27:15 [INFO] corev2.planner.primary: Contact yasmin@glenfieldasset.co.uk in exclusion list → removed from active set (will be archived if in Mailchimp)
2026-03-12 16:27:15 [INFO] corev2.planner.primary: Contact rarnold@thameslettings.co.uk in exclusion list → removed from active set (will be archived if in Mailchimp)
2026-03-12 16:27:15 [INFO] corev2.planner.primary: Contact shakir@lysshomes.co.uk in exclusion list → removed from active set (will be archived if in Mailchimp)
2026-03-12 16:27:15 [INFO] corev2.planner.primary: Contact info@fortresspropertysolutions.com in exclusion list → removed from active set (will be archived if in Mailchimp)
2026-03-12 16:27:15 [INFO] corev2.planner.primary: Contact a.childs@awchilds.co.uk in exclusion list → removed from active set (will be archived if in Mailchimp)
2026-03-12 16:27:15 [INFO] corev2.planner.primary: Contact enquiries@stuartedwards.com in exclusion list → removed from active set (will be archived if in Mailchimp)
2026-03-12 16:27:15 [INFO] corev2.planner.primary: Contact sales@t-k.co.uk in exclusion list → removed from active set (will be archived if in Mailchimp)
2026-03-12 16:27:15 [INFO] corev2.planner.primary: Contact eastham@mcdowalls.com in exclusion list → removed from active set (will be archived if in Mailchimp)
2026-03-12 16:27:15 [INFO] corev2.planner.primary: Contact danvegad@gmail.com in exclusion list → removed from active set (will be archived if in Mailchimp)
2026-03-12 16:27:15 [INFO] corev2.planner.primary: Contact reach-us@southallestates.com in exclusion list → removed from active set (will be archived if in Mailchimp)
2026-03-12 16:27:15 [INFO] corev2.planner.primary: Contact kemal@ckbestateagents.co.uk in exclusion list → removed from active set (will be archived if in Mailchimp)
2026-03-12 16:27:15 [INFO] corev2.planner.primary: Contact shahin@morganknights.com in exclusion list → removed from active set (will be archived if in Mailchimp)
2026-03-12 16:27:15 [INFO] corev2.planner.primary: Contact caryn@theinvestables.com in exclusion list → removed from active set (will be archived if in Mailchimp)
2026-03-12 16:27:15 [INFO] corev2.planner.primary: Contact info@groveresidential.co.uk in exclusion list → removed from active set (will be archived if in Mailchimp)
2026-03-12 16:27:15 [INFO] corev2.planner.primary: Contact faig@stelfort.co.uk in exclusion list → removed from active set (will be archived if in Mailchimp)
2026-03-12 16:27:15 [INFO] corev2.planner.primary: Contact dishal@ochomes.co.uk in exclusion list → removed from active set (will be archived if in Mailchimp)
2026-03-12 16:27:15 [INFO] corev2.planner.primary: Contact drenmagashi11@gmail.com in exclusion list → removed from active set (will be archived if in Mailchimp)
2026-03-12 16:27:15 [INFO] corev2.planner.primary: Contact berkay@inceo.co.uk in exclusion list → removed from active set (will be archived if in Mailchimp)
2026-03-12 16:27:15 [INFO] corev2.planner.primary: Contact info@andrew-stevens.co.uk in exclusion list → removed from active set (will be archived if in Mailchimp)
2026-03-12 16:27:15 [INFO] corev2.planner.primary: Contact amir@premierassets.co.uk in exclusion list → removed from active set (will be archived if in Mailchimp)
2026-03-12 16:27:15 [INFO] corev2.planner.primary: Contact marius@mileestates.co.uk in exclusion list → removed from active set (will be archived if in Mailchimp)
2026-03-12 16:27:15 [INFO] corev2.planner.primary: Contact paul.servis@ableestates.com in exclusion list → removed from active set (will be archived if in Mailchimp)
2026-03-12 16:27:15 [INFO] corev2.planner.primary: Contact alessandro@innovo-property.com in exclusion list → removed from active set (will be archived if in Mailchimp)
2026-03-12 16:27:15 [INFO] corev2.planner.primary: Contact alison.mccarey@exp.uk.com in exclusion list → removed from active set (will be archived if in Mailchimp)
2026-03-12 16:27:15 [INFO] corev2.planner.primary: Contact info@cubesresidential.com in exclusion list → removed from active set (will be archived if in Mailchimp)
2026-03-12 16:27:15 [INFO] corev2.planner.primary: Contact james@jamesbaileyproperty.com in exclusion list → removed from active set (will be archived if in Mailchimp)
2026-03-12 16:27:15 [INFO] corev2.planner.primary: Contact info@fcrhomes.co.uk in exclusion list → removed from active set (will be archived if in Mailchimp)
2026-03-12 16:27:15 [INFO] corev2.planner.primary:   → Will be removed from HubSpot lists: ['969']
2026-03-12 16:27:15 [INFO] corev2.planner.primary: Contact kay@garrisonestates.co.uk in exclusion list → removed from active set (will be archived if in Mailchimp)
2026-03-12 16:27:15 [INFO] corev2.planner.primary: Contact rhoque@eldridgeestates.co.uk in exclusion list → removed from active set (will be archived if in Mailchimp)
2026-03-12 16:27:15 [INFO] corev2.planner.primary:   → Will be removed from HubSpot lists: ['719']
2026-03-12 16:27:15 [INFO] corev2.planner.primary: Contact peter@birchills.co.uk in exclusion list → removed from active set (will be archived if in Mailchimp)
2026-03-12 16:27:15 [INFO] corev2.planner.primary: Contact igal@mileestates.co.uk in exclusion list → removed from active set (will be archived if in Mailchimp)
2026-03-12 16:27:15 [INFO] corev2.planner.primary: Contact cgriffin@griffinstevens.co.uk in exclusion list → removed from active set (will be archived if in Mailchimp)
2026-03-12 16:27:15 [INFO] corev2.planner.primary: Contact linus@linusjackson.co.uk in exclusion list → removed from active set (will be archived if in Mailchimp)
2026-03-12 16:27:15 [INFO] corev2.planner.primary: Contact info@otiumestateagents.co.uk in exclusion list → removed from active set (will be archived if in Mailchimp)
2026-03-12 16:27:15 [INFO] corev2.planner.primary: Contact tamzied.redrock@gmail.com in exclusion list → removed from active set (will be archived if in Mailchimp)
2026-03-12 16:27:15 [INFO] corev2.planner.primary: Contact info@knightsproperties.co.uk in exclusion list → removed from active set (will be archived if in Mailchimp)
2026-03-12 16:27:15 [INFO] corev2.planner.primary: Contact tim@pigottandhall.com in exclusion list → removed from active set (will be archived if in Mailchimp)
2026-03-12 16:27:15 [INFO] corev2.planner.primary: Contact d.robinson@smeatonhomes.co.uk in exclusion list → removed from active set (will be archived if in Mailchimp)
2026-03-12 16:27:15 [INFO] corev2.planner.primary: Contact leads@keatsestateagents.com in exclusion list → removed from active set (will be archived if in Mailchimp)
2026-03-12 16:27:15 [INFO] corev2.planner.primary: Contact info@daviesdavies.co.uk in exclusion list → removed from active set (will be archived if in Mailchimp)
2026-03-12 16:27:15 [INFO] corev2.planner.primary: Contact meraj@newcapitalestates.com in exclusion list → removed from active set (will be archived if in Mailchimp)
2026-03-12 16:27:15 [INFO] corev2.planner.primary: Contact hello@theydons.com in exclusion list → removed from active set (will be archived if in Mailchimp)
2026-03-12 16:27:15 [INFO] corev2.planner.primary: Contact adam@isla-alexander.com in exclusion list → removed from active set (will be archived if in Mailchimp)
2026-03-12 16:27:15 [INFO] corev2.planner.primary: Contact info@homecareestates.co.uk in exclusion list → removed from active set (will be archived if in Mailchimp)
2026-03-12 16:27:15 [INFO] corev2.planner.primary: Contact sree@trendyblocks.com in exclusion list → removed from active set (will be archived if in Mailchimp)
2026-03-12 16:27:15 [INFO] corev2.planner.primary: Contact ihsan@zuplex.net in exclusion list → removed from active set (will be archived if in Mailchimp)
2026-03-12 16:27:15 [INFO] corev2.planner.primary: Contact info@capitalstay.co.uk in exclusion list → removed from active set (will be archived if in Mailchimp)
2026-03-12 16:27:15 [INFO] corev2.planner.primary: Contact info@astonestates.co.uk in exclusion list → removed from active set (will be archived if in Mailchimp)
2026-03-12 16:27:15 [INFO] corev2.planner.primary:   → Will be removed from HubSpot lists: ['969']
2026-03-12 16:27:15 [INFO] corev2.planner.primary: Contact christina@cityonegroup.co.uk in exclusion list → removed from active set (will be archived if in Mailchimp)
2026-03-12 16:27:15 [INFO] corev2.planner.primary: Contact antony@milestone-collis.com in exclusion list → removed from active set (will be archived if in Mailchimp)
2026-03-12 16:27:15 [INFO] corev2.planner.primary: Contact teresa@finlaybrewer.co.uk in exclusion list → removed from active set (will be archived if in Mailchimp)
2026-03-12 16:27:15 [INFO] corev2.planner.primary: Contact jeremy@vantageresidential.co.uk in exclusion list → removed from active set (will be archived if in Mailchimp)
2026-03-12 16:27:15 [INFO] corev2.planner.primary: Contact info@the-ethical-landlady.co.uk in exclusion list → removed from active set (will be archived if in Mailchimp)
2026-03-12 16:27:15 [INFO] corev2.planner.primary: Contact mario@lofthouseandpartners.co.uk in exclusion list → removed from active set (will be archived if in Mailchimp)
2026-03-12 16:27:15 [INFO] corev2.planner.primary: Contact anita@anistenhomes.co.uk in exclusion list → removed from active set (will be archived if in Mailchimp)
2026-03-12 16:27:15 [INFO] corev2.planner.primary: Contact info@becontreehomes.co.uk in exclusion list → removed from active set (will be archived if in Mailchimp)
2026-03-12 16:27:15 [INFO] corev2.planner.primary: Contact james@noiascape.com in exclusion list → removed from active set (will be archived if in Mailchimp)
2026-03-12 16:27:15 [INFO] corev2.planner.primary: Contact info@quickletproperty.co.uk in exclusion list → removed from active set (will be archived if in Mailchimp)
2026-03-12 16:27:15 [INFO] corev2.planner.primary: Contact info@propertykingdartford.co.uk in exclusion list → removed from active set (will be archived if in Mailchimp)
2026-03-12 16:27:15 [INFO] corev2.planner.primary: Contact massivelegacypm@gmail.com in exclusion list → removed from active set (will be archived if in Mailchimp)
2026-03-12 16:27:15 [INFO] corev2.planner.primary: Contact info@baseps.co.uk in exclusion list → removed from active set (will be archived if in Mailchimp)
2026-03-12 16:27:15 [INFO] corev2.planner.primary: Contact admin@magicbrick.co.uk in exclusion list → removed from active set (will be archived if in Mailchimp)
2026-03-12 16:27:15 [INFO] corev2.planner.primary: Contact kevin@chartwelluk.com in exclusion list → removed from active set (will be archived if in Mailchimp)
2026-03-12 16:27:15 [INFO] corev2.planner.primary: Contact bishalbismillaproperty@gmail.com in exclusion list → removed from active set (will be archived if in Mailchimp)
2026-03-12 16:27:15 [INFO] corev2.planner.primary: Contact hello@leosai.co.uk in exclusion list → removed from active set (will be archived if in Mailchimp)
2026-03-12 16:27:15 [INFO] corev2.planner.primary: Contact info@barrain.co.uk in exclusion list → removed from active set (will be archived if in Mailchimp)
2026-03-12 16:27:15 [INFO] corev2.planner.primary: Contact osman@cjonproperties.com in exclusion list → removed from active set (will be archived if in Mailchimp)
2026-03-12 16:27:15 [INFO] corev2.planner.primary: Contact evol@sab.uk.com in exclusion list → removed from active set (will be archived if in Mailchimp)
2026-03-12 16:27:15 [INFO] corev2.planner.primary: Contact ola@oshomes.co.uk in exclusion list → removed from active set (will be archived if in Mailchimp)
2026-03-12 16:27:15 [INFO] corev2.planner.primary: Contact malcolm@maantra.co.uk in exclusion list → removed from active set (will be archived if in Mailchimp)
2026-03-12 16:27:15 [INFO] corev2.planner.primary: Contact info@hillcrestestates.co.uk in exclusion list → removed from active set (will be archived if in Mailchimp)
2026-03-12 16:27:15 [INFO] corev2.planner.primary:   → Will be removed from HubSpot lists: ['719']
2026-03-12 16:27:15 [INFO] corev2.planner.primary: Contact enquiries@routeestates.com in exclusion list → removed from active set (will be archived if in Mailchimp)
2026-03-12 16:27:15 [INFO] corev2.planner.primary: Contact office@360-properties.co.uk in exclusion list → removed from active set (will be archived if in Mailchimp)
2026-03-12 16:27:15 [INFO] corev2.planner.primary: Contact homefromhomeedgware@gmail.com in exclusion list → removed from active set (will be archived if in Mailchimp)
2026-03-12 16:27:15 [INFO] corev2.planner.primary: Contact hello@hallspropertygroup.co.uk in exclusion list → removed from active set (will be archived if in Mailchimp)
2026-03-12 16:27:15 [INFO] corev2.planner.primary: Contact carlos@smart-rent.co.uk in exclusion list → removed from active set (will be archived if in Mailchimp)
2026-03-12 16:27:15 [INFO] corev2.planner.primary: Contact elder@kolarealestate.co.uk in exclusion list → removed from active set (will be archived if in Mailchimp)
2026-03-12 16:27:15 [INFO] corev2.planner.primary: Contact miles@edinburghlettingcentre.com in exclusion list → removed from active set (will be archived if in Mailchimp)
2026-03-12 16:27:15 [INFO] corev2.planner.primary:   → Will be removed from HubSpot lists: ['720']
2026-03-12 16:27:15 [INFO] corev2.planner.primary: Contact david@applepropertyservices.com in exclusion list → removed from active set (will be archived if in Mailchimp)
2026-03-12 16:27:15 [INFO] corev2.planner.primary: Contact info@dillonestates.co.uk in exclusion list → removed from active set (will be archived if in Mailchimp)
2026-03-12 16:27:15 [INFO] corev2.planner.primary: Contact info@hausmanandholmes.com in exclusion list → removed from active set (will be archived if in Mailchimp)
2026-03-12 16:27:15 [INFO] corev2.planner.primary: Contact oliver@charterh.co.uk in exclusion list → removed from active set (will be archived if in Mailchimp)
2026-03-12 16:27:15 [INFO] corev2.planner.primary: Contact abdul@arqhomes.co.uk in exclusion list → removed from active set (will be archived if in Mailchimp)
2026-03-12 16:27:15 [INFO] corev2.planner.primary: Contact alex@sflproperty.co.uk in exclusion list → removed from active set (will be archived if in Mailchimp)
2026-03-12 16:27:15 [INFO] corev2.planner.primary: Contact admin@city-move.co.uk in exclusion list → removed from active set (will be archived if in Mailchimp)
2026-03-12 16:27:15 [INFO] corev2.planner.primary: Contact jon@bryanandkeegan.co.uk in exclusion list → removed from active set (will be archived if in Mailchimp)
2026-03-12 16:27:15 [INFO] corev2.planner.primary: Contact abi@cjonproperties.com in exclusion list → removed from active set (will be archived if in Mailchimp)
2026-03-12 16:27:15 [INFO] corev2.planner.primary: Contact info@livcolondon.com in exclusion list → removed from active set (will be archived if in Mailchimp)
2026-03-12 16:27:15 [INFO] corev2.planner.primary: Contact info@nh-properties.co.uk in exclusion list → removed from active set (will be archived if in Mailchimp)
2026-03-12 16:27:15 [INFO] corev2.planner.primary: Contact arslan@estateinn.co.uk in exclusion list → removed from active set (will be archived if in Mailchimp)
2026-03-12 16:27:15 [INFO] corev2.planner.primary: Contact david@davidharris.co.uk in exclusion list → removed from active set (will be archived if in Mailchimp)
2026-03-12 16:27:15 [INFO] corev2.planner.primary: Contact stewart@bakerandchase.co.uk in exclusion list → removed from active set (will be archived if in Mailchimp)
2026-03-12 16:27:15 [INFO] corev2.planner.primary: Contact info@navaproperty.com in exclusion list → removed from active set (will be archived if in Mailchimp)
2026-03-12 16:27:15 [INFO] corev2.planner.primary: Contact info@safepm.com in exclusion list → removed from active set (will be archived if in Mailchimp)
2026-03-12 16:27:15 [INFO] corev2.planner.primary: Contact sheetel@diamondmove.co.uk in exclusion list → removed from active set (will be archived if in Mailchimp)
2026-03-12 16:27:15 [INFO] corev2.planner.primary: Contact info@glenhall.co.uk in exclusion list → removed from active set (will be archived if in Mailchimp)
2026-03-12 16:27:15 [INFO] corev2.planner.primary: Contact info@yourcityproperty.com in exclusion list → removed from active set (will be archived if in Mailchimp)
2026-03-12 16:27:15 [INFO] corev2.planner.primary: Contact info@righthomes4u.co.uk in exclusion list → removed from active set (will be archived if in Mailchimp)
2026-03-12 16:27:15 [INFO] corev2.planner.primary: Contact info@goodneighboursestates.com in exclusion list → removed from active set (will be archived if in Mailchimp)
2026-03-12 16:27:15 [INFO] corev2.planner.primary: Contact info@kitramlettings.com in exclusion list → removed from active set (will be archived if in Mailchimp)
2026-03-12 16:27:15 [INFO] corev2.planner.primary: Contact sales@astonfox.co.uk in exclusion list → removed from active set (will be archived if in Mailchimp)
2026-03-12 16:27:15 [INFO] corev2.planner.primary: Contact hardip@globecompanies.co.uk in exclusion list → removed from active set (will be archived if in Mailchimp)
2026-03-12 16:27:15 [INFO] corev2.planner.primary: Contact muhammadarsal7@gmail.com in exclusion list → removed from active set (will be archived if in Mailchimp)
2026-03-12 16:27:15 [INFO] corev2.planner.primary: Contact poonam@anistenhomes.co.uk in exclusion list → removed from active set (will be archived if in Mailchimp)
2026-03-12 16:27:15 [INFO] corev2.planner.primary: Contact info@rockleyproperties.com in exclusion list → removed from active set (will be archived if in Mailchimp)
2026-03-12 16:27:15 [INFO] corev2.planner.primary: Contact enquiries@propertydirecteng.co.uk in exclusion list → removed from active set (will be archived if in Mailchimp)
2026-03-12 16:27:15 [INFO] corev2.planner.primary: Contact admin@alanjacob.co.uk in exclusion list → removed from active set (will be archived if in Mailchimp)
2026-03-12 16:27:15 [INFO] corev2.planner.primary: Contact mukesh@desai.uk in exclusion list → removed from active set (will be archived if in Mailchimp)
2026-03-12 16:27:15 [INFO] corev2.planner.primary: Contact gareth@yard-supplies.co.uk in exclusion list → removed from active set (will be archived if in Mailchimp)
2026-03-12 16:27:15 [INFO] corev2.planner.primary: Contact hello@foundpropertyldn.co in exclusion list → removed from active set (will be archived if in Mailchimp)
2026-03-12 16:27:15 [INFO] corev2.planner.primary: Contact remzi@the-address.co.uk in exclusion list → removed from active set (will be archived if in Mailchimp)
2026-03-12 16:27:15 [INFO] corev2.planner.primary: Contact lettings@evalonestates.com in exclusion list → removed from active set (will be archived if in Mailchimp)
2026-03-12 16:27:15 [INFO] corev2.planner.primary: Contact henry@enrys.co.uk in exclusion list → removed from active set (will be archived if in Mailchimp)
2026-03-12 16:27:15 [INFO] corev2.planner.primary: Contact anna@samuelandco.co.uk in exclusion list → removed from active set (will be archived if in Mailchimp)
2026-03-12 16:27:15 [INFO] corev2.planner.primary: Contact mohammedsmussaa@gmail.com in exclusion list → removed from active set (will be archived if in Mailchimp)
2026-03-12 16:27:15 [INFO] corev2.planner.primary: Contact info@liferesidential.co.uk in exclusion list → removed from active set (will be archived if in Mailchimp)
2026-03-12 16:27:15 [INFO] corev2.planner.primary: Contact will@distrkt.uk in exclusion list → removed from active set (will be archived if in Mailchimp)
2026-03-12 16:27:15 [INFO] corev2.planner.primary: Contact minnat@anistenhomes.co.uk in exclusion list → removed from active set (will be archived if in Mailchimp)
2026-03-12 16:27:15 [INFO] corev2.planner.primary: Removed 195 contacts in exclusion lists from active set
2026-03-12 16:27:15 [INFO] corev2.planner.reconciliation: ArchivalReconciliation initialized (max_archive_per_run=100)
2026-03-12 16:27:15 [INFO] corev2.planner.reconciliation: Tracking source tags: {'EXP', 'New agents', 'Recruitment', 'Sanctioned', 'Competition', 'General'}
2026-03-12 16:27:15 [INFO] corev2.planner.reconciliation: Running archival reconciliation...
2026-03-12 16:27:15 [INFO] corev2.planner.reconciliation:   Comparing Mailchimp audience vs 209 active HubSpot contacts...
2026-03-12 16:27:32 [INFO] corev2.planner.reconciliation:   Scanned 500 Mailchimp members...
2026-03-12 16:27:32 [INFO] corev2.planner.reconciliation: 
✓ Archival Reconciliation Complete:
2026-03-12 16:27:32 [INFO] corev2.planner.reconciliation:   • Mailchimp members scanned: 602
2026-03-12 16:27:32 [INFO] corev2.planner.reconciliation:   • Active HubSpot contacts: 209
2026-03-12 16:27:32 [INFO] corev2.planner.reconciliation:   • Orphaned members found: 441
2026-03-12 16:27:32 [INFO] corev2.planner.reconciliation:   • Exempt from archival: 0
2026-03-12 16:27:32 [INFO] corev2.planner.reconciliation:   • Archival safety limit: 100 / 441 orphans (remaining: 341)
2026-03-12 16:27:32 [INFO] corev2.planner.reconciliation:   • Archive operations generated: 207
2026-03-12 16:27:32 [INFO] corev2.planner.primary: Reconciliation complete: 207 archive operations
2026-03-12 16:27:32 [INFO] corev2.planner.primary: Contact info@jsestatemanagement.co.uk in exclusion list → removing from HubSpot List 969 (not present in Mailchimp)
2026-03-12 16:27:32 [INFO] corev2.planner.primary: Contact sam@samuelandco.co.uk in exclusion list → removing from HubSpot List 719 (not present in Mailchimp)
2026-03-12 16:27:32 [INFO] corev2.planner.primary: Contact info@fcrhomes.co.uk in exclusion list → removing from HubSpot List 969 (not present in Mailchimp)
2026-03-12 16:27:32 [INFO] corev2.planner.primary: Contact rhoque@eldridgeestates.co.uk in exclusion list → removing from HubSpot List 719 (not present in Mailchimp)
2026-03-12 16:27:32 [INFO] corev2.planner.primary: Contact info@astonestates.co.uk in exclusion list → removing from HubSpot List 969 (not present in Mailchimp)
2026-03-12 16:27:32 [INFO] corev2.planner.primary: Contact info@hillcrestestates.co.uk in exclusion list → removing from HubSpot List 719 (not present in Mailchimp)
2026-03-12 16:27:32 [INFO] corev2.planner.primary: Contact miles@edinburghlettingcentre.com in exclusion list → removing from HubSpot List 720 (not present in Mailchimp)
2026-03-12 16:27:32 [INFO] corev2.planner.primary: Generated 7 additional HubSpot list removal operations for excluded contacts not in Mailchimp
2026-03-12 16:27:32 [INFO] corev2.planner.primary: Plan complete: 423 contacts with operations
2026-03-12 16:27:32 [INFO] __main__: Ô£ô Plan saved to: corev2/artifacts/plan_20260312_162441.json
2026-03-12 16:27:32 [INFO] __main__:   Total contacts scanned: 404
2026-03-12 16:27:32 [INFO] __main__:   Contacts with operations: 423
2026-03-12 16:27:32 [INFO] __main__:   Operations by type: {'upsert_mc_member': 209, 'apply_mc_tag': 209, 'archive_mc_member': 207, 'remove_hs_from_list': 7}
