2026-03-10 07:36:38,825 [INFO] ======================================================================
2026-03-10 07:36:38,826 [INFO]   SECONDARY SYNC — All 6 Exit Tag Mappings
2026-03-10 07:36:38,827 [INFO] ======================================================================
2026-03-10 07:36:38,841 [INFO] 
Configured mappings:
2026-03-10 07:36:38,841 [INFO]   General Finished → List 946 (General Handover)  [source: 987 (General), remove=False]
2026-03-10 07:36:38,842 [INFO]   Recruitment Finished → List 947 (Recruitment Handover)  [source: 719 (Recruitment), remove=True]
2026-03-10 07:36:38,842 [INFO]   Competition Finished → List 948 (Competition Handover)  [source: 720 (Competition), remove=True]
2026-03-10 07:36:38,842 [INFO]   Sub Agents Finished → List 1005 (Sub Agents Handover)  [source: 989 (Network Agents), remove=False]
2026-03-10 07:36:38,843 [INFO]   New Agents Finished → List 949 (New Agents Handover)  [source: 945 (New Agents), remove=True]
2026-03-10 07:36:38,843 [INFO]   Sanctioned Finished → List 1006 (Sanctioned Handover)  [source: 969 (Sanctioned), remove=True]
2026-03-10 07:36:38,843 [INFO] 
Archive after sync: True
2026-03-10 07:36:38,843 [INFO] Contact limit: UNLIMITED
2026-03-10 07:36:38,844 [INFO] 
======================================================================
2026-03-10 07:36:38,844 [INFO] PHASE 1: Generate Secondary Sync Plan
2026-03-10 07:36:38,844 [INFO] ======================================================================
2026-03-10 07:36:38,844 [INFO] Phase 1: Scanning Mailchimp for exit-tagged contacts...
2026-03-10 07:36:38,845 [INFO]   Looking for tags: ['Competition Finished', 'General Finished', 'New Agents Finished', 'Recruitment Finished', 'Sanctioned Finished', 'Sub Agents Finished']
2026-03-10 07:37:00,502 [INFO]   Scanned 500 Mailchimp members...
2026-03-10 07:37:00,504 [INFO]   Scanned 1000 Mailchimp members...
2026-03-10 07:37:35,868 [INFO]   Scanned 1500 Mailchimp members...
2026-03-10 07:37:35,870 [INFO]   Scanned 2000 Mailchimp members...
2026-03-10 07:38:09,728 [INFO]   Scanned 2500 Mailchimp members...
2026-03-10 07:38:09,729 [INFO]   Scanned 3000 Mailchimp members...
2026-03-10 07:38:37,035 [INFO]   Scanned 3500 Mailchimp members...
2026-03-10 07:38:37,040 [INFO]   Scan complete: 3844 members scanned
2026-03-10 07:38:37,041 [INFO]   No exit-tagged contacts found. Nothing to do.
2026-03-10 07:38:37,041 [INFO] 
Plan Summary:
2026-03-10 07:38:37,041 [INFO]   Mailchimp scanned: 3844
2026-03-10 07:38:37,041 [INFO]   Exit-tagged found: 0
2026-03-10 07:38:37,041 [INFO]   By tag:
2026-03-10 07:38:37,042 [INFO]     Competition Finished: 0
2026-03-10 07:38:37,042 [INFO]     General Finished: 0
2026-03-10 07:38:37,042 [INFO]     New Agents Finished: 0
2026-03-10 07:38:37,042 [INFO]     Recruitment Finished: 0
2026-03-10 07:38:37,043 [INFO]     Sanctioned Finished: 0
2026-03-10 07:38:37,043 [INFO]     Sub Agents Finished: 0
2026-03-10 07:38:37,043 [INFO]   Contacts with operations: 0
2026-03-10 07:38:37,043 [INFO]   Not in HubSpot: 0
2026-03-10 07:38:37,043 [INFO] 
No exit-tagged contacts to process. Done.
