2026-03-04 10:50:57,405 [INFO] ======================================================================
2026-03-04 10:50:57,406 [INFO]   HubSpot <-> Mailchimp Bidirectional Sync
2026-03-04 10:50:57,406 [INFO] ======================================================================
2026-03-04 10:50:57,406 [INFO] 
Loading config: corev2/config/production.yaml
2026-03-04 10:50:57,411 [INFO] 
📋 LISTS CONFIGURED FOR SYNC:
2026-03-04 10:50:57,412 [INFO] 
  general_marketing:
2026-03-04 10:50:57,412 [INFO]     • List 969 'Sanctioned' → Mailchimp tag 'Sanctioned'
2026-03-04 10:50:57,412 [INFO]     • List 719 'Recruitment' → Mailchimp tag 'Recruitment'
2026-03-04 10:50:57,413 [INFO]     • List 720 'Competition' → Mailchimp tag 'Competition'
2026-03-04 10:50:57,413 [INFO]     • List 989 'Network Agents' → Mailchimp tag 'EXP'
2026-03-04 10:50:57,413 [INFO]     • List 945 'New agents' → Mailchimp tag 'New agents'
2026-03-04 10:50:57,413 [INFO]     • List 987 'General' → Mailchimp tag 'General'
2026-03-04 10:50:57,413 [INFO] 
  📊 Total: 6 lists active
2026-03-04 10:50:57,413 [INFO] 
🔒 SAFETY SETTINGS:
2026-03-04 10:50:57,413 [INFO]   Run mode: RunMode.PROD
2026-03-04 10:50:57,414 [INFO]   Allow apply: True
2026-03-04 10:50:57,414 [INFO]   Allow archive: True
2026-03-04 10:50:57,414 [INFO]   ✓ FULL MODE: All contacts
2026-03-04 10:50:57,414 [INFO] 
Initializing API clients...
2026-03-04 10:50:57,414 [INFO] 
======================================================================
2026-03-04 10:50:57,414 [INFO] STEP 1: Mailchimp → HubSpot Unsubscribe Sync
2026-03-04 10:50:57,414 [INFO] ======================================================================
2026-03-04 10:50:57,414 [INFO] Starting Mailchimp → HubSpot unsubscribe sync...
